agpivotmobile/android/app/build/intermediates/manifest_merge_blame_file/debug/manifest-merger-blame-debug-report.txt
1<?xml version="1.0" encoding="utf-8"?>
2<manifest xmlns:android="http://schemas.android.com/apk/res/android"
3    package="com.agpivot"
4    android:versionCode="2"
5    android:versionName="2.0" >
6
7    <uses-sdk
8        android:minSdkVersion="16"
9        android:targetSdkVersion="28" />
10
11    <uses-permission android:name="android.permission.SYSTEM_ALERT_WINDOW" />
11-->src\debug\AndroidManifest.xml:5:5-77
11-->src\debug\AndroidManifest.xml:5:22-75
12    <uses-permission android:name="android.permission.INTERNET" />
12-->src\main\AndroidManifest.xml:4:5-67
12-->src\main\AndroidManifest.xml:4:22-64
13
14    <supports-screens
14-->src\main\AndroidManifest.xml:5:5-8:39
15        android:largeScreens="true"
15-->src\main\AndroidManifest.xml:7:9-36
16        android:normalScreens="false"
16-->src\main\AndroidManifest.xml:6:9-38
17        android:smallScreens="false"
17-->src\main\AndroidManifest.xml:5:23-51
18        android:xlargeScreens="true" />
18-->src\main\AndroidManifest.xml:8:9-37
19
20    <uses-permission android:name="android.permission.ACCESS_NETWORK_STATE" />
20-->[:@react-native-community_netinfo] AndroidManifest.xml:9:5-79
20-->[:@react-native-community_netinfo] AndroidManifest.xml:9:22-76
21    <uses-permission android:name="android.permission.ACCESS_WIFI_STATE" />
21-->[:@react-native-community_netinfo] AndroidManifest.xml:10:5-76
21-->[:@react-native-community_netinfo] AndroidManifest.xml:10:22-73
22
23    <application
23-->src\main\AndroidManifest.xml:10:5-28:19
24        android:name="com.agpivot.MainApplication"
24-->src\main\AndroidManifest.xml:11:7-38
25        android:allowBackup="false"
25-->src\main\AndroidManifest.xml:15:7-34
26        android:appComponentFactory="androidx.core.app.CoreComponentFactory"
26-->[androidx.core:core:1.0.1] AndroidManifest.xml:22:18-86
27        android:debuggable="true"
28        android:icon="@mipmap/ic_launcher"
28-->src\main\AndroidManifest.xml:13:7-41
29        android:label="@string/app_name"
29-->src\main\AndroidManifest.xml:12:7-39
30        android:roundIcon="@mipmap/ic_launcher_round"
30-->src\main\AndroidManifest.xml:14:7-52
31        android:supportsRtl="true"
31-->[:react-native-spinkit] AndroidManifest.xml:11:9-35
32        android:theme="@style/AppTheme"
32-->src\main\AndroidManifest.xml:16:7-38
33        android:usesCleartextTraffic="true" >
33-->src\debug\AndroidManifest.xml:7:18-53
34        <activity
34-->src\main\AndroidManifest.xml:17:7-26:18
35            android:name="com.agpivot.MainActivity"
35-->src\main\AndroidManifest.xml:18:9-37
36            android:configChanges="keyboard|keyboardHidden|orientation|screenSize"
36-->src\main\AndroidManifest.xml:20:9-79
37            android:label="@string/app_name"
37-->src\main\AndroidManifest.xml:19:9-41
38            android:windowSoftInputMode="adjustResize" >
38-->src\main\AndroidManifest.xml:21:9-51
39            <intent-filter>
39-->src\main\AndroidManifest.xml:22:9-25:25
40                <action android:name="android.intent.action.MAIN" />
40-->src\main\AndroidManifest.xml:23:13-65
40-->src\main\AndroidManifest.xml:23:21-62
41
42                <category android:name="android.intent.category.LAUNCHER" />
42-->src\main\AndroidManifest.xml:24:13-73
42-->src\main\AndroidManifest.xml:24:23-70
43            </intent-filter>
44        </activity>
45        <activity android:name="com.facebook.react.devsupport.DevSettingsActivity" />
45-->src\main\AndroidManifest.xml:27:7-84
45-->src\main\AndroidManifest.xml:27:17-81
46    </application>
47
48</manifest>